yarn run v1.22.22
warning ../../package.json: No license field
$ craco start
Browserslist: browsers data (caniuse-lite) is 9 months old. Please run:
  npx update-browserslist-db@latest
  Why you should do it regularly: https://github.com/browserslist/update-db#readme
(node:28420) [DEP_WEBPACK_DEV_SERVER_ON_AFTER_SETUP_MIDDLEWARE] DeprecationWarning: 'onAfterSetupMiddleware' option is deprecated. Please use the 'setupMiddlewares' option.
(Use `node --trace-deprecation ...` to show where the warning was created)
(node:28420) [DEP_WEBPACK_DEV_SERVER_ON_BEFORE_SETUP_MIDDLEWARE] DeprecationWarning: 'onBeforeSetupMiddleware' option is deprecated. Please use the 'setupMiddlewares' option.
Starting the development server...

[0;33mOne of your dependencies, babel-preset-react-app, is importing the
"@babel/plugin-proposal-private-property-in-object" package without
declaring it in its dependencies. This is currently working because
"@babel/plugin-proposal-private-property-in-object" is already in your
node_modules folder for unrelated reasons, but it [1mmay break at any time[0;33m.

babel-preset-react-app is part of the create-react-app project, [1mwhich
is not maintianed anymore[0;33m. It is thus unlikely that this bug will
ever be fixed. Add "@babel/plugin-proposal-private-property-in-object" to
your devDependencies to work around this error. This will make this message
go away.[0m
  
Compiled successfully!

You can now view frontend in the browser.

  Local:            http://localhost:3000
  On Your Network:  http://10.64.140.186:3000

Note that the development build is not optimized.
To create a production build, use yarn build.

webpack compiled successfully
Compiling...
Compiled successfully!
webpack compiled successfully
Compiling...
Compiled successfully!
webpack compiled successfully
Compiling...
Compiled successfully!
webpack compiled successfully
Compiling...
Compiled successfully!
webpack compiled successfully
Compiling...
Compiled successfully!
webpack compiled successfully
Compiling...
Compiled successfully!
webpack compiled successfully
Compiling...
Compiled successfully!
webpack compiled successfully
Compiling...
Compiled successfully!
webpack compiled successfully
Compiling...
Compiled successfully!
webpack compiled successfully
Compiling...
Compiled successfully!
webpack compiled successfully
Compiling...
Compiled successfully!
webpack compiled successfully
Compiling...
Compiled successfully!
webpack compiled successfully
Compiling...
Compiled successfully!
webpack compiled successfully
Compiling...
Compiled successfully!
webpack compiled successfully
Compiling...
Compiled successfully!
webpack compiled successfully
Compiling...
Compiled successfully!
webpack compiled successfully
Compiling...
Compiled successfully!
webpack compiled successfully
Compiling...
Compiled successfully!
webpack compiled successfully
Compiling...
Compiled successfully!
webpack compiled successfully
Compiling...
Compiled successfully!
webpack compiled successfully
Compiling...
Compiled successfully!
webpack compiled successfully
Compiling...
Compiled successfully!
webpack compiled successfully
Compiling...
Compiled successfully!
webpack compiled successfully
Compiling...
Compiled successfully!
webpack compiled successfully
Compiling...
Compiled successfully!
webpack compiled successfully
Compiling...
Compiled successfully!
webpack compiled successfully
Compiling...
Compiled successfully!
webpack compiled successfully
Compiling...
Failed to compile.

[eslint] 
src/pages/ROICalculatorPage.js
Syntax error: Expected corresponding JSX closing tag for <motion.div>. (113:12) (113:12)
ERROR in ./src/pages/ROICalculatorPage.js
Module build failed (from ./node_modules/babel-loader/lib/index.js):
SyntaxError: /app/packages/website/src/pages/ROICalculatorPage.js: Expected corresponding JSX closing tag for <motion.div>. (113:12)

  111 |                 </motion.div>
  112 |               ))}
> 113 |             </div>
      |             ^
  114 |           </motion.div>
  115 |         </div>
  116 |       </section>
    at constructor (/app/packages/website/node_modules/@babel/parser/lib/index.js:359:19)
    at FlowParserMixin.raise (/app/packages/website/node_modules/@babel/parser/lib/index.js:3266:19)
    at FlowParserMixin.jsxParseElementAt (/app/packages/website/node_modules/@babel/parser/lib/index.js:6781:16)
    at FlowParserMixin.jsxParseElementAt (/app/packages/website/node_modules/@babel/parser/lib/index.js:6752:32)
    at FlowParserMixin.jsxParseElementAt (/app/packages/website/node_modules/@babel/parser/lib/index.js:6752:32)
    at FlowParserMixin.jsxParseElementAt (/app/packages/website/node_modules/@babel/parser/lib/index.js:6752:32)
    at FlowParserMixin.jsxParseElementAt (/app/packages/website/node_modules/@babel/parser/lib/index.js:6752:32)
    at FlowParserMixin.jsxParseElementAt (/app/packages/website/node_modules/@babel/parser/lib/index.js:6752:32)
    at FlowParserMixin.jsxParseElement (/app/packages/website/node_modules/@babel/parser/lib/index.js:6803:17)
    at FlowParserMixin.parseExprAtom (/app/packages/website/node_modules/@babel/parser/lib/index.js:6813:19)
    at FlowParserMixin.parseExprSubscripts (/app/packages/website/node_modules/@babel/parser/lib/index.js:10619:23)
    at FlowParserMixin.parseUpdate (/app/packages/website/node_modules/@babel/parser/lib/index.js:10604:21)
    at FlowParserMixin.parseMaybeUnary (/app/packages/website/node_modules/@babel/parser/lib/index.js:10584:23)
    at FlowParserMixin.parseMaybeUnaryOrPrivate (/app/packages/website/node_modules/@babel/parser/lib/index.js:10438:61)
    at FlowParserMixin.parseExprOps (/app/packages/website/node_modules/@babel/parser/lib/index.js:10443:23)
    at FlowParserMixin.parseMaybeConditional (/app/packages/website/node_modules/@babel/parser/lib/index.js:10420:23)
    at FlowParserMixin.parseMaybeAssign (/app/packages/website/node_modules/@babel/parser/lib/index.js:10383:21)
    at /app/packages/website/node_modules/@babel/parser/lib/index.js:5634:39
    at FlowParserMixin.tryParse (/app/packages/website/node_modules/@babel/parser/lib/index.js:3604:20)
    at FlowParserMixin.parseMaybeAssign (/app/packages/website/node_modules/@babel/parser/lib/index.js:5634:18)
    at /app/packages/website/node_modules/@babel/parser/lib/index.js:10353:39
    at FlowParserMixin.allowInAnd (/app/packages/website/node_modules/@babel/parser/lib/index.js:11955:12)
    at FlowParserMixin.parseMaybeAssignAllowIn (/app/packages/website/node_modules/@babel/parser/lib/index.js:10353:17)
    at FlowParserMixin.parseParenAndDistinguishExpression (/app/packages/website/node_modules/@babel/parser/lib/index.js:11214:28)
    at FlowParserMixin.parseParenAndDistinguishExpression (/app/packages/website/node_modules/@babel/parser/lib/index.js:5727:18)
    at FlowParserMixin.parseExprAtom (/app/packages/website/node_modules/@babel/parser/lib/index.js:10867:23)
    at FlowParserMixin.parseExprAtom (/app/packages/website/node_modules/@babel/parser/lib/index.js:6818:20)
    at FlowParserMixin.parseExprSubscripts (/app/packages/website/node_modules/@babel/parser/lib/index.js:10619:23)
    at FlowParserMixin.parseUpdate (/app/packages/website/node_modules/@babel/parser/lib/index.js:10604:21)
    at FlowParserMixin.parseMaybeUnary (/app/packages/website/node_modules/@babel/parser/lib/index.js:10584:23)
    at FlowParserMixin.parseMaybeUnaryOrPrivate (/app/packages/website/node_modules/@babel/parser/lib/index.js:10438:61)
    at FlowParserMixin.parseExprOps (/app/packages/website/node_modules/@babel/parser/lib/index.js:10443:23)
    at FlowParserMixin.parseMaybeConditional (/app/packages/website/node_modules/@babel/parser/lib/index.js:10420:23)
    at FlowParserMixin.parseMaybeAssign (/app/packages/website/node_modules/@babel/parser/lib/index.js:10383:21)
    at FlowParserMixin.parseMaybeAssign (/app/packages/website/node_modules/@babel/parser/lib/index.js:5685:18)
    at FlowParserMixin.parseExpressionBase (/app/packages/website/node_modules/@babel/parser/lib/index.js:10337:23)
    at /app/packages/website/node_modules/@babel/parser/lib/index.js:10333:39
    at FlowParserMixin.allowInAnd (/app/packages/website/node_modules/@babel/parser/lib/index.js:11950:16)
    at FlowParserMixin.parseExpression (/app/packages/website/node_modules/@babel/parser/lib/index.js:10333:17)
    at FlowParserMixin.parseReturnStatement (/app/packages/website/node_modules/@babel/parser/lib/index.js:12640:28)
    at FlowParserMixin.parseStatementContent (/app/packages/website/node_modules/@babel/parser/lib/index.js:12292:21)
    at FlowParserMixin.parseStatementLike (/app/packages/website/node_modules/@babel/parser/lib/index.js:12261:17)
    at FlowParserMixin.parseStatementLike (/app/packages/website/node_modules/@babel/parser/lib/index.js:5054:24)
    at FlowParserMixin.parseStatementListItem (/app/packages/website/node_modules/@babel/parser/lib/index.js:12241:17)
    at FlowParserMixin.parseBlockOrModuleBlockBody (/app/packages/website/node_modules/@babel/parser/lib/index.js:12814:61)
    at FlowParserMixin.parseBlockBody (/app/packages/website/node_modules/@babel/parser/lib/index.js:12807:10)
    at FlowParserMixin.parseBlock (/app/packages/website/node_modules/@babel/parser/lib/index.js:12795:10)
    at FlowParserMixin.parseFunctionBody (/app/packages/website/node_modules/@babel/parser/lib/index.js:11638:24)
    at /app/packages/website/node_modules/@babel/parser/lib/index.js:5028:63
    at FlowParserMixin.forwardNoArrowParamsConversionAt (/app/packages/website/node_modules/@babel/parser/lib/index.js:5204:16)

ERROR in [eslint] 
src/pages/ROICalculatorPage.js
  Line 113:12:  Parsing error: Expected corresponding JSX closing tag for <motion.div>. (113:12)

webpack compiled with 2 errors
Compiling...
Failed to compile.

[eslint] 
src/pages/ROICalculatorPage.js
Syntax error: Expected corresponding JSX closing tag for <motion.div>. (163:12) (163:12)
ERROR in ./src/pages/ROICalculatorPage.js
Module build failed (from ./node_modules/babel-loader/lib/index.js):
SyntaxError: /app/packages/website/src/pages/ROICalculatorPage.js: Expected corresponding JSX closing tag for <motion.div>. (163:12)

  161 |                 </motion.div>
  162 |               ))}
> 163 |             </div>
      |             ^
  164 |           </motion.div>
  165 |         </div>
  166 |       </section>
    at constructor (/app/packages/website/node_modules/@babel/parser/lib/index.js:359:19)
    at FlowParserMixin.raise (/app/packages/website/node_modules/@babel/parser/lib/index.js:3266:19)
    at FlowParserMixin.jsxParseElementAt (/app/packages/website/node_modules/@babel/parser/lib/index.js:6781:16)
    at FlowParserMixin.jsxParseElementAt (/app/packages/website/node_modules/@babel/parser/lib/index.js:6752:32)
    at FlowParserMixin.jsxParseElementAt (/app/packages/website/node_modules/@babel/parser/lib/index.js:6752:32)
    at FlowParserMixin.jsxParseElementAt (/app/packages/website/node_modules/@babel/parser/lib/index.js:6752:32)
    at FlowParserMixin.jsxParseElementAt (/app/packages/website/node_modules/@babel/parser/lib/index.js:6752:32)
    at FlowParserMixin.jsxParseElementAt (/app/packages/website/node_modules/@babel/parser/lib/index.js:6752:32)
    at FlowParserMixin.jsxParseElement (/app/packages/website/node_modules/@babel/parser/lib/index.js:6803:17)
    at FlowParserMixin.parseExprAtom (/app/packages/website/node_modules/@babel/parser/lib/index.js:6813:19)
    at FlowParserMixin.parseExprSubscripts (/app/packages/website/node_modules/@babel/parser/lib/index.js:10619:23)
    at FlowParserMixin.parseUpdate (/app/packages/website/node_modules/@babel/parser/lib/index.js:10604:21)
    at FlowParserMixin.parseMaybeUnary (/app/packages/website/node_modules/@babel/parser/lib/index.js:10584:23)
    at FlowParserMixin.parseMaybeUnaryOrPrivate (/app/packages/website/node_modules/@babel/parser/lib/index.js:10438:61)
    at FlowParserMixin.parseExprOps (/app/packages/website/node_modules/@babel/parser/lib/index.js:10443:23)
    at FlowParserMixin.parseMaybeConditional (/app/packages/website/node_modules/@babel/parser/lib/index.js:10420:23)
    at FlowParserMixin.parseMaybeAssign (/app/packages/website/node_modules/@babel/parser/lib/index.js:10383:21)
    at /app/packages/website/node_modules/@babel/parser/lib/index.js:5634:39
    at FlowParserMixin.tryParse (/app/packages/website/node_modules/@babel/parser/lib/index.js:3604:20)
    at FlowParserMixin.parseMaybeAssign (/app/packages/website/node_modules/@babel/parser/lib/index.js:5634:18)
    at /app/packages/website/node_modules/@babel/parser/lib/index.js:10353:39
    at FlowParserMixin.allowInAnd (/app/packages/website/node_modules/@babel/parser/lib/index.js:11955:12)
    at FlowParserMixin.parseMaybeAssignAllowIn (/app/packages/website/node_modules/@babel/parser/lib/index.js:10353:17)
    at FlowParserMixin.parseParenAndDistinguishExpression (/app/packages/website/node_modules/@babel/parser/lib/index.js:11214:28)
    at FlowParserMixin.parseParenAndDistinguishExpression (/app/packages/website/node_modules/@babel/parser/lib/index.js:5727:18)
    at FlowParserMixin.parseExprAtom (/app/packages/website/node_modules/@babel/parser/lib/index.js:10867:23)
    at FlowParserMixin.parseExprAtom (/app/packages/website/node_modules/@babel/parser/lib/index.js:6818:20)
    at FlowParserMixin.parseExprSubscripts (/app/packages/website/node_modules/@babel/parser/lib/index.js:10619:23)
    at FlowParserMixin.parseUpdate (/app/packages/website/node_modules/@babel/parser/lib/index.js:10604:21)
    at FlowParserMixin.parseMaybeUnary (/app/packages/website/node_modules/@babel/parser/lib/index.js:10584:23)
    at FlowParserMixin.parseMaybeUnaryOrPrivate (/app/packages/website/node_modules/@babel/parser/lib/index.js:10438:61)
    at FlowParserMixin.parseExprOps (/app/packages/website/node_modules/@babel/parser/lib/index.js:10443:23)
    at FlowParserMixin.parseMaybeConditional (/app/packages/website/node_modules/@babel/parser/lib/index.js:10420:23)
    at FlowParserMixin.parseMaybeAssign (/app/packages/website/node_modules/@babel/parser/lib/index.js:10383:21)
    at FlowParserMixin.parseMaybeAssign (/app/packages/website/node_modules/@babel/parser/lib/index.js:5685:18)
    at FlowParserMixin.parseExpressionBase (/app/packages/website/node_modules/@babel/parser/lib/index.js:10337:23)
    at /app/packages/website/node_modules/@babel/parser/lib/index.js:10333:39
    at FlowParserMixin.allowInAnd (/app/packages/website/node_modules/@babel/parser/lib/index.js:11950:16)
    at FlowParserMixin.parseExpression (/app/packages/website/node_modules/@babel/parser/lib/index.js:10333:17)
    at FlowParserMixin.parseReturnStatement (/app/packages/website/node_modules/@babel/parser/lib/index.js:12640:28)
    at FlowParserMixin.parseStatementContent (/app/packages/website/node_modules/@babel/parser/lib/index.js:12292:21)
    at FlowParserMixin.parseStatementLike (/app/packages/website/node_modules/@babel/parser/lib/index.js:12261:17)
    at FlowParserMixin.parseStatementLike (/app/packages/website/node_modules/@babel/parser/lib/index.js:5054:24)
    at FlowParserMixin.parseStatementListItem (/app/packages/website/node_modules/@babel/parser/lib/index.js:12241:17)
    at FlowParserMixin.parseBlockOrModuleBlockBody (/app/packages/website/node_modules/@babel/parser/lib/index.js:12814:61)
    at FlowParserMixin.parseBlockBody (/app/packages/website/node_modules/@babel/parser/lib/index.js:12807:10)
    at FlowParserMixin.parseBlock (/app/packages/website/node_modules/@babel/parser/lib/index.js:12795:10)
    at FlowParserMixin.parseFunctionBody (/app/packages/website/node_modules/@babel/parser/lib/index.js:11638:24)
    at /app/packages/website/node_modules/@babel/parser/lib/index.js:5028:63
    at FlowParserMixin.forwardNoArrowParamsConversionAt (/app/packages/website/node_modules/@babel/parser/lib/index.js:5204:16)

ERROR in [eslint] 
src/pages/ROICalculatorPage.js
  Line 163:12:  Parsing error: Expected corresponding JSX closing tag for <motion.div>. (163:12)

webpack compiled with 2 errors
Compiling...
Failed to compile.

[eslint] 
src/pages/ROICalculatorPage.js
Syntax error: Expected corresponding JSX closing tag for <motion.div>. (165:12) (165:12)
ERROR in ./src/pages/ROICalculatorPage.js
Module build failed (from ./node_modules/babel-loader/lib/index.js):
SyntaxError: /app/packages/website/src/pages/ROICalculatorPage.js: Expected corresponding JSX closing tag for <motion.div>. (165:12)

  163 |                 </motion.div>
  164 |               ))}
> 165 |             </div>
      |             ^
  166 |           </motion.div>
  167 |         </div>
  168 |       </section>
    at constructor (/app/packages/website/node_modules/@babel/parser/lib/index.js:359:19)
    at FlowParserMixin.raise (/app/packages/website/node_modules/@babel/parser/lib/index.js:3266:19)
    at FlowParserMixin.jsxParseElementAt (/app/packages/website/node_modules/@babel/parser/lib/index.js:6781:16)
    at FlowParserMixin.jsxParseElementAt (/app/packages/website/node_modules/@babel/parser/lib/index.js:6752:32)
    at FlowParserMixin.jsxParseElementAt (/app/packages/website/node_modules/@babel/parser/lib/index.js:6752:32)
    at FlowParserMixin.jsxParseElementAt (/app/packages/website/node_modules/@babel/parser/lib/index.js:6752:32)
    at FlowParserMixin.jsxParseElementAt (/app/packages/website/node_modules/@babel/parser/lib/index.js:6752:32)
    at FlowParserMixin.jsxParseElementAt (/app/packages/website/node_modules/@babel/parser/lib/index.js:6752:32)
    at FlowParserMixin.jsxParseElement (/app/packages/website/node_modules/@babel/parser/lib/index.js:6803:17)
    at FlowParserMixin.parseExprAtom (/app/packages/website/node_modules/@babel/parser/lib/index.js:6813:19)
    at FlowParserMixin.parseExprSubscripts (/app/packages/website/node_modules/@babel/parser/lib/index.js:10619:23)
    at FlowParserMixin.parseUpdate (/app/packages/website/node_modules/@babel/parser/lib/index.js:10604:21)
    at FlowParserMixin.parseMaybeUnary (/app/packages/website/node_modules/@babel/parser/lib/index.js:10584:23)
    at FlowParserMixin.parseMaybeUnaryOrPrivate (/app/packages/website/node_modules/@babel/parser/lib/index.js:10438:61)
    at FlowParserMixin.parseExprOps (/app/packages/website/node_modules/@babel/parser/lib/index.js:10443:23)
    at FlowParserMixin.parseMaybeConditional (/app/packages/website/node_modules/@babel/parser/lib/index.js:10420:23)
    at FlowParserMixin.parseMaybeAssign (/app/packages/website/node_modules/@babel/parser/lib/index.js:10383:21)
    at /app/packages/website/node_modules/@babel/parser/lib/index.js:5634:39
    at FlowParserMixin.tryParse (/app/packages/website/node_modules/@babel/parser/lib/index.js:3604:20)
    at FlowParserMixin.parseMaybeAssign (/app/packages/website/node_modules/@babel/parser/lib/index.js:5634:18)
    at /app/packages/website/node_modules/@babel/parser/lib/index.js:10353:39
    at FlowParserMixin.allowInAnd (/app/packages/website/node_modules/@babel/parser/lib/index.js:11955:12)
    at FlowParserMixin.parseMaybeAssignAllowIn (/app/packages/website/node_modules/@babel/parser/lib/index.js:10353:17)
    at FlowParserMixin.parseParenAndDistinguishExpression (/app/packages/website/node_modules/@babel/parser/lib/index.js:11214:28)
    at FlowParserMixin.parseParenAndDistinguishExpression (/app/packages/website/node_modules/@babel/parser/lib/index.js:5727:18)
    at FlowParserMixin.parseExprAtom (/app/packages/website/node_modules/@babel/parser/lib/index.js:10867:23)
    at FlowParserMixin.parseExprAtom (/app/packages/website/node_modules/@babel/parser/lib/index.js:6818:20)
    at FlowParserMixin.parseExprSubscripts (/app/packages/website/node_modules/@babel/parser/lib/index.js:10619:23)
    at FlowParserMixin.parseUpdate (/app/packages/website/node_modules/@babel/parser/lib/index.js:10604:21)
    at FlowParserMixin.parseMaybeUnary (/app/packages/website/node_modules/@babel/parser/lib/index.js:10584:23)
    at FlowParserMixin.parseMaybeUnaryOrPrivate (/app/packages/website/node_modules/@babel/parser/lib/index.js:10438:61)
    at FlowParserMixin.parseExprOps (/app/packages/website/node_modules/@babel/parser/lib/index.js:10443:23)
    at FlowParserMixin.parseMaybeConditional (/app/packages/website/node_modules/@babel/parser/lib/index.js:10420:23)
    at FlowParserMixin.parseMaybeAssign (/app/packages/website/node_modules/@babel/parser/lib/index.js:10383:21)
    at FlowParserMixin.parseMaybeAssign (/app/packages/website/node_modules/@babel/parser/lib/index.js:5685:18)
    at FlowParserMixin.parseExpressionBase (/app/packages/website/node_modules/@babel/parser/lib/index.js:10337:23)
    at /app/packages/website/node_modules/@babel/parser/lib/index.js:10333:39
    at FlowParserMixin.allowInAnd (/app/packages/website/node_modules/@babel/parser/lib/index.js:11950:16)
    at FlowParserMixin.parseExpression (/app/packages/website/node_modules/@babel/parser/lib/index.js:10333:17)
    at FlowParserMixin.parseReturnStatement (/app/packages/website/node_modules/@babel/parser/lib/index.js:12640:28)
    at FlowParserMixin.parseStatementContent (/app/packages/website/node_modules/@babel/parser/lib/index.js:12292:21)
    at FlowParserMixin.parseStatementLike (/app/packages/website/node_modules/@babel/parser/lib/index.js:12261:17)
    at FlowParserMixin.parseStatementLike (/app/packages/website/node_modules/@babel/parser/lib/index.js:5054:24)
    at FlowParserMixin.parseStatementListItem (/app/packages/website/node_modules/@babel/parser/lib/index.js:12241:17)
    at FlowParserMixin.parseBlockOrModuleBlockBody (/app/packages/website/node_modules/@babel/parser/lib/index.js:12814:61)
    at FlowParserMixin.parseBlockBody (/app/packages/website/node_modules/@babel/parser/lib/index.js:12807:10)
    at FlowParserMixin.parseBlock (/app/packages/website/node_modules/@babel/parser/lib/index.js:12795:10)
    at FlowParserMixin.parseFunctionBody (/app/packages/website/node_modules/@babel/parser/lib/index.js:11638:24)
    at /app/packages/website/node_modules/@babel/parser/lib/index.js:5028:63
    at FlowParserMixin.forwardNoArrowParamsConversionAt (/app/packages/website/node_modules/@babel/parser/lib/index.js:5204:16)

ERROR in [eslint] 
src/pages/ROICalculatorPage.js
  Line 165:12:  Parsing error: Expected corresponding JSX closing tag for <motion.div>. (165:12)

webpack compiled with 2 errors
Compiling...
Failed to compile.

[eslint] 
src/pages/ROICalculatorPage.js
Syntax error: Expected corresponding JSX closing tag for <motion.div>. (165:12) (165:12)
ERROR in ./src/pages/ROICalculatorPage.js
Module build failed (from ./node_modules/babel-loader/lib/index.js):
SyntaxError: /app/packages/website/src/pages/ROICalculatorPage.js: Expected corresponding JSX closing tag for <motion.div>. (165:12)

  163 |                 </motion.div>
  164 |               ))}
> 165 |             </div>
      |             ^
  166 |           </motion.div>
  167 |         </div>
  168 |       </section>
    at constructor (/app/packages/website/node_modules/@babel/parser/lib/index.js:359:19)
    at FlowParserMixin.raise (/app/packages/website/node_modules/@babel/parser/lib/index.js:3266:19)
    at FlowParserMixin.jsxParseElementAt (/app/packages/website/node_modules/@babel/parser/lib/index.js:6781:16)
    at FlowParserMixin.jsxParseElementAt (/app/packages/website/node_modules/@babel/parser/lib/index.js:6752:32)
    at FlowParserMixin.jsxParseElementAt (/app/packages/website/node_modules/@babel/parser/lib/index.js:6752:32)
    at FlowParserMixin.jsxParseElementAt (/app/packages/website/node_modules/@babel/parser/lib/index.js:6752:32)
    at FlowParserMixin.jsxParseElementAt (/app/packages/website/node_modules/@babel/parser/lib/index.js:6752:32)
    at FlowParserMixin.jsxParseElementAt (/app/packages/website/node_modules/@babel/parser/lib/index.js:6752:32)
    at FlowParserMixin.jsxParseElement (/app/packages/website/node_modules/@babel/parser/lib/index.js:6803:17)
    at FlowParserMixin.parseExprAtom (/app/packages/website/node_modules/@babel/parser/lib/index.js:6813:19)
    at FlowParserMixin.parseExprSubscripts (/app/packages/website/node_modules/@babel/parser/lib/index.js:10619:23)
    at FlowParserMixin.parseUpdate (/app/packages/website/node_modules/@babel/parser/lib/index.js:10604:21)
    at FlowParserMixin.parseMaybeUnary (/app/packages/website/node_modules/@babel/parser/lib/index.js:10584:23)
    at FlowParserMixin.parseMaybeUnaryOrPrivate (/app/packages/website/node_modules/@babel/parser/lib/index.js:10438:61)
    at FlowParserMixin.parseExprOps (/app/packages/website/node_modules/@babel/parser/lib/index.js:10443:23)
    at FlowParserMixin.parseMaybeConditional (/app/packages/website/node_modules/@babel/parser/lib/index.js:10420:23)
    at FlowParserMixin.parseMaybeAssign (/app/packages/website/node_modules/@babel/parser/lib/index.js:10383:21)
    at /app/packages/website/node_modules/@babel/parser/lib/index.js:5634:39
    at FlowParserMixin.tryParse (/app/packages/website/node_modules/@babel/parser/lib/index.js:3604:20)
    at FlowParserMixin.parseMaybeAssign (/app/packages/website/node_modules/@babel/parser/lib/index.js:5634:18)
    at /app/packages/website/node_modules/@babel/parser/lib/index.js:10353:39
    at FlowParserMixin.allowInAnd (/app/packages/website/node_modules/@babel/parser/lib/index.js:11955:12)
    at FlowParserMixin.parseMaybeAssignAllowIn (/app/packages/website/node_modules/@babel/parser/lib/index.js:10353:17)
    at FlowParserMixin.parseParenAndDistinguishExpression (/app/packages/website/node_modules/@babel/parser/lib/index.js:11214:28)
    at FlowParserMixin.parseParenAndDistinguishExpression (/app/packages/website/node_modules/@babel/parser/lib/index.js:5727:18)
    at FlowParserMixin.parseExprAtom (/app/packages/website/node_modules/@babel/parser/lib/index.js:10867:23)
    at FlowParserMixin.parseExprAtom (/app/packages/website/node_modules/@babel/parser/lib/index.js:6818:20)
    at FlowParserMixin.parseExprSubscripts (/app/packages/website/node_modules/@babel/parser/lib/index.js:10619:23)
    at FlowParserMixin.parseUpdate (/app/packages/website/node_modules/@babel/parser/lib/index.js:10604:21)
    at FlowParserMixin.parseMaybeUnary (/app/packages/website/node_modules/@babel/parser/lib/index.js:10584:23)
    at FlowParserMixin.parseMaybeUnaryOrPrivate (/app/packages/website/node_modules/@babel/parser/lib/index.js:10438:61)
    at FlowParserMixin.parseExprOps (/app/packages/website/node_modules/@babel/parser/lib/index.js:10443:23)
    at FlowParserMixin.parseMaybeConditional (/app/packages/website/node_modules/@babel/parser/lib/index.js:10420:23)
    at FlowParserMixin.parseMaybeAssign (/app/packages/website/node_modules/@babel/parser/lib/index.js:10383:21)
    at FlowParserMixin.parseMaybeAssign (/app/packages/website/node_modules/@babel/parser/lib/index.js:5685:18)
    at FlowParserMixin.parseExpressionBase (/app/packages/website/node_modules/@babel/parser/lib/index.js:10337:23)
    at /app/packages/website/node_modules/@babel/parser/lib/index.js:10333:39
    at FlowParserMixin.allowInAnd (/app/packages/website/node_modules/@babel/parser/lib/index.js:11950:16)
    at FlowParserMixin.parseExpression (/app/packages/website/node_modules/@babel/parser/lib/index.js:10333:17)
    at FlowParserMixin.parseReturnStatement (/app/packages/website/node_modules/@babel/parser/lib/index.js:12640:28)
    at FlowParserMixin.parseStatementContent (/app/packages/website/node_modules/@babel/parser/lib/index.js:12292:21)
    at FlowParserMixin.parseStatementLike (/app/packages/website/node_modules/@babel/parser/lib/index.js:12261:17)
    at FlowParserMixin.parseStatementLike (/app/packages/website/node_modules/@babel/parser/lib/index.js:5054:24)
    at FlowParserMixin.parseStatementListItem (/app/packages/website/node_modules/@babel/parser/lib/index.js:12241:17)
    at FlowParserMixin.parseBlockOrModuleBlockBody (/app/packages/website/node_modules/@babel/parser/lib/index.js:12814:61)
    at FlowParserMixin.parseBlockBody (/app/packages/website/node_modules/@babel/parser/lib/index.js:12807:10)
    at FlowParserMixin.parseBlock (/app/packages/website/node_modules/@babel/parser/lib/index.js:12795:10)
    at FlowParserMixin.parseFunctionBody (/app/packages/website/node_modules/@babel/parser/lib/index.js:11638:24)
    at /app/packages/website/node_modules/@babel/parser/lib/index.js:5028:63
    at FlowParserMixin.forwardNoArrowParamsConversionAt (/app/packages/website/node_modules/@babel/parser/lib/index.js:5204:16)

ERROR in [eslint] 
src/pages/ROICalculatorPage.js
  Line 165:12:  Parsing error: Expected corresponding JSX closing tag for <motion.div>. (165:12)

webpack compiled with 2 errors
Compiling...
Compiled successfully!
webpack compiled successfully
Compiling...
Compiled successfully!
webpack compiled successfully
